<?xml version="1.0" encoding="UTF-8"?>
<!-- Generated by org.testng.reporters.JUnitReportReporter -->
<testsuite hostname="DESKTOP-QOLI7PU" failures="0" tests="1" name="Academy.Navigationpage" time="0.145" errors="0" timestamp="2022-05-31T13:24:37 IST" skipped="0">
  <testcase classname="Academy.Navigationpage" name="navigationbar" time="0.145"/>
  <system-out/>
</testsuite> <!-- Academy.Navigationpage -->
