<?xml version="1.0" encoding="UTF-8"?>
<!-- Generated by org.testng.reporters.JUnitReportReporter -->
<testsuite hostname="DESKTOP-QOLI7PU" failures="0" tests="2" name="Academy.validateTitle" time="0.213" errors="0" timestamp="2022-05-31T13:24:37 IST" skipped="0">
  <testcase classname="Academy.validateTitle" name="validatepagetitle" time="0.100"/>
  <system-out/>
  <testcase classname="Academy.validateTitle" name="getHeader" time="0.113"/>
  <system-out/>
</testsuite> <!-- Academy.validateTitle -->
