<?xml version="1.0" encoding="UTF-8"?>
<!-- Generated by org.testng.reporters.JUnitReportReporter -->
<testsuite hostname="DESKTOP-QOLI7PU" failures="0" tests="2" name="CucumberOptions.TestRunner" time="59.857" errors="0" timestamp="2022-05-31T14:39:59 IST" skipped="0">
  <testcase classname="CucumberOptions.TestRunner" name="runScenario" time="25.713"/>
  <system-out/>
  <testcase classname="CucumberOptions.TestRunner" name="runScenario" time="34.144"/>
  <system-out/>
</testsuite> <!-- CucumberOptions.TestRunner -->
