<?xml version="1.0" encoding="UTF-8"?>
<!-- Generated by org.testng.reporters.JUnitReportReporter -->
<testsuite hostname="DESKTOP-QOLI7PU" failures="0" tests="2" name="Academy.HomePage" time="80.786" errors="0" timestamp="2022-05-31T13:24:37 IST" skipped="0">
  <testcase classname="Academy.HomePage" name="basepagenavigation" time="51.888"/>
  <system-out/>
  <testcase classname="Academy.HomePage" name="basepagenavigation" time="28.898"/>
  <system-out/>
</testsuite> <!-- Academy.HomePage -->
