<?xml version="1.0" encoding="UTF-8"?>
<!-- Generated by org.testng.reporters.JUnitReportReporter -->
<testsuite skipped="0" hostname="DESKTOP-QOLI7PU" name="CucumberOptions.TestRunner" tests="2" failures="0" timestamp="31 May 2022 09:15:47 GMT" time="73.476" errors="0">
  <testcase name="runScenario" time="47.484" classname="CucumberOptions.TestRunner"/>
  <testcase name="runScenario" time="25.992" classname="CucumberOptions.TestRunner"/>
</testsuite> <!-- CucumberOptions.TestRunner -->
